%!Adobe-FontList 1.20
%Locale:0x409

%BeginFont
Handler:DirectoryHandler
FontType:Invalid
OutlineFileName:/Users/jensedler/Desktop/TEMP Kickbox Files/01 – Innovationsprozess/Document fonts/AdobeFnt20.lst
FileLength:4452
FileModTime:591286067
%EndFont

%BeginFont
Handler:DirectoryHandler
FontType:Invalid
OutlineFileName:/Users/jensedler/Desktop/TEMP Kickbox Files/01 – Innovationsprozess/Document fonts/.DS_Store
FileLength:6148
FileModTime:595333351
%EndFont

%BeginFont
Handler:DirectoryHandler
FontType:Invalid
OutlineFileName:/Users/jensedler/Desktop/TEMP Kickbox Files/01 – Innovationsprozess/Document fonts/AdobeFnt21.lst
FileLength:682
FileModTime:595334061
%EndFont

