%!Adobe-FontList 1.14
%Locale:0x409

%BeginFont
Handler:DirectoryHandler
FontType:TrueType
FontName:SourceSansPro-Bold
FamilyName:Source Sans Pro
StyleName:Bold
MenuName:Source Sans Pro
StyleBits:2
WeightClass:700
WidthClass:5
AngleClass:0
FullName:Source Sans Pro Bold
WritingScript:Roman
OutlineFileName:\SourceSansPro-Bold.ttf
DataFormat:sfntData
FileLength:118604
FileModTime:1348719724
DesignSize:100
%EndFont

%BeginFont
Handler:DirectoryHandler
FontType:TrueType
FontName:SourceSansPro-Regular
FamilyName:Source Sans Pro
StyleName:Regular
MenuName:Source Sans Pro
StyleBits:0
WeightClass:400
WidthClass:5
AngleClass:0
FullName:Source Sans Pro
WritingScript:Roman
OutlineFileName:\SourceSansPro-Regular.ttf
DataFormat:sfntData
FileLength:119080
FileModTime:1348719724
DesignSize:100
%EndFont

%BeginFont
Handler:DirectoryHandler
FontType:TrueType
FontName:SourceSansPro-Semibold
FamilyName:Source Sans Pro
StyleName:Semibold
MenuName:Source Sans Pro Semibold
StyleBits:0
WeightClass:600
WidthClass:5
AngleClass:0
FullName:Source Sans Pro Semibold
WritingScript:Roman
OutlineFileName:\SourceSansPro-Semibold.ttf
DataFormat:sfntData
FileLength:118804
FileModTime:1348719724
DesignSize:100
%EndFont

